<?xml version="1.0" encoding="UTF-8"?>
<!-- Generated by org.testng.reporters.JUnitReportReporter -->
<testsuite hostname="DESKTOP-JG4GJSD" failures="0" tests="1" name="com.annular.testrunners.IAUT_T6" time="41.486" errors="0" timestamp="2022-02-20T20:52:46 IST" skipped="0">
  <testcase classname="com.annular.testrunners.IAUT_T6" name="runScenario" time="41.486"/>
  <system-out/>
</testsuite> <!-- com.annular.testrunners.IAUT_T6 -->
