<?xml version="1.0" encoding="UTF-8"?>
<!-- Generated by org.testng.reporters.JUnitReportReporter -->
<testsuite hostname="DESKTOP-JG4GJSD" failures="0" tests="1" name="com.annular.testrunners.TC_103" time="7.744" errors="0" timestamp="2022-03-18T21:35:21 IST" skipped="0">
  <testcase classname="com.annular.testrunners.TC_103" name="runScenario" time="7.744"/>
  <system-out/>
</testsuite> <!-- com.annular.testrunners.TC_103 -->
