<?xml version="1.0" encoding="UTF-8"?>
<!-- Generated by org.testng.reporters.JUnitReportReporter -->
<testsuite hostname="DESKTOP-JG4GJSD" failures="0" tests="1" name="com.annular.testrunners.TC_102" time="8.262" errors="0" timestamp="2022-03-03T11:09:24 IST" skipped="0">
  <testcase classname="com.annular.testrunners.TC_102" name="runScenario" time="8.262"/>
  <system-out/>
</testsuite> <!-- com.annular.testrunners.TC_102 -->
