<?xml version="1.0" encoding="UTF-8"?>
<!-- Generated by org.testng.reporters.JUnitReportReporter -->
<testsuite hostname="DESKTOP-JG4GJSD" failures="0" tests="1" name="com.annular.testrunners.TC_536" time="35.064" errors="0" timestamp="2022-02-20T21:05:53 IST" skipped="0">
  <testcase classname="com.annular.testrunners.TC_536" name="runScenario" time="35.064"/>
  <system-out/>
</testsuite> <!-- com.annular.testrunners.TC_536 -->
