<?xml version="1.0" encoding="UTF-8"?>
<!-- Generated by org.testng.reporters.JUnitReportReporter -->
<testsuite hostname="DESKTOP-JG4GJSD" failures="0" tests="1" name="com.annular.testrunners.TC_TL11" time="19.623" errors="0" timestamp="2022-02-20T14:31:41 IST" skipped="0">
  <testcase classname="com.annular.testrunners.TC_TL11" name="runScenario" time="19.623"/>
  <system-out/>
</testsuite> <!-- com.annular.testrunners.TC_TL11 -->
