<?xml version="1.0" encoding="UTF-8"?>
<!-- Generated by org.testng.reporters.JUnitReportReporter -->
<testsuite hostname="DESKTOP-JG4GJSD" failures="0" tests="1" name="com.annular.testrunners.TC_534" time="15.410" errors="0" timestamp="2022-02-21T00:45:28 IST" skipped="0">
  <testcase classname="com.annular.testrunners.TC_534" name="runScenario" time="15.410"/>
  <system-out/>
</testsuite> <!-- com.annular.testrunners.TC_534 -->
